0 info it worked if it ends with ok
1 verbose cli [
1 verbose cli   '/Users/aaron.spurlock/.nvm/versions/node/v16.8.0/bin/node',
1 verbose cli   '/Users/aaron.spurlock/.nvm/versions/node/v16.8.0/bin/npm',
1 verbose cli   'ls',
1 verbose cli   '--depth',
1 verbose cli   '0',
1 verbose cli   '--json'
1 verbose cli ]
2 info using npm@3.10.10
3 info using node@v16.8.0
4 verbose stack TypeError: cb.apply is not a function
4 verbose stack     at /Users/aaron.spurlock/.nvm/versions/node/v16.8.0/lib/node_modules/npm/node_modules/graceful-fs/polyfills.js:267:18
4 verbose stack     at FSReqCallback.oncomplete (node:fs:199:5)
5 verbose cwd /Users/aaron.spurlock/Desktop/spurlockat-export/MEAN-media-library
6 error Darwin 19.6.0
7 error argv "/Users/aaron.spurlock/.nvm/versions/node/v16.8.0/bin/node" "/Users/aaron.spurlock/.nvm/versions/node/v16.8.0/bin/npm" "ls" "--depth" "0" "--json"
8 error node v16.8.0
9 error npm  v3.10.10
10 error cb.apply is not a function
11 error If you need help, you may report this error at:
11 error     <https://github.com/npm/npm/issues>
12 verbose exit [ 1, true ]
